# JRE version: OpenJDK Runtime Environment (17.0.2+8) (build 17.0.2+8-86)
# Java VM: OpenJDK 64-Bit Server VM (17.0.2+8-86, mixed mode, sharing, tiered, compressed oops, compressed class ptrs, g1 gc, windows-amd64)
GC Precious Log:
 CPUs: 20 total, 20 available
 Memory: 32493M
 Large Page Support: Disabled
 NUMA Support: Disabled
 Compressed Oops: Enabled (Zero based)
 Heap Region Size: 4M
 Heap Min Capacity: 8M
 Heap Initial Capacity: 508M
 Heap Max Capacity: 8124M
 Pre-touch: Disabled
 Parallel Workers: 15
 Concurrent Workers: 4
 Concurrent Refinement Workers: 15
 Periodic GC: Disabled
Heap:
 garbage-first heap   total 380928K, used 178919K [0x0000000604400000, 0x0000000800000000)
  region size 4096K, 24 young (98304K), 1 survivors (4096K)
 Metaspace       used 37600K, committed 38016K, reserved 1089536K
  class space    used 4019K, committed 4224K, reserved 1048576K
GC Heap History (20 events):
Event: 26.362 GC heap before
{Heap before GC invocations=21 (full 0):
 garbage-first heap   total 262144K, used 209434K [0x0000000604400000, 0x0000000800000000)
  region size 4096K, 32 young (131072K), 2 survivors (8192K)
 Metaspace       used 36817K, committed 37248K, reserved 1089536K
  class space    used 3953K, committed 4160K, reserved 1048576K
}
Event: 26.367 GC heap after
{Heap after GC invocations=22 (full 0):
 garbage-first heap   total 262144K, used 86738K [0x0000000604400000, 0x0000000800000000)
  region size 4096K, 2 young (8192K), 2 survivors (8192K)
 Metaspace       used 36817K, committed 37248K, reserved 1089536K
  class space    used 3953K, committed 4160K, reserved 1048576K
}
Event: 26.804 GC heap before
{Heap before GC invocations=22 (full 0):
 garbage-first heap   total 262144K, used 209618K [0x0000000604400000, 0x0000000800000000)
  region size 4096K, 32 young (131072K), 2 survivors (8192K)
 Metaspace       used 36817K, committed 37248K, reserved 1089536K
  class space    used 3953K, committed 4160K, reserved 1048576K
}
Event: 26.808 GC heap after
{Heap after GC invocations=23 (full 0):
 garbage-first heap   total 262144K, used 87111K [0x0000000604400000, 0x0000000800000000)
  region size 4096K, 2 young (8192K), 2 survivors (8192K)
 Metaspace       used 36817K, committed 37248K, reserved 1089536K
  class space    used 3953K, committed 4160K, reserved 1048576K
}
Event: 27.259 GC heap before
{Heap before GC invocations=23 (full 0):
 garbage-first heap   total 262144K, used 214087K [0x0000000604400000, 0x0000000800000000)
  region size 4096K, 33 young (135168K), 2 survivors (8192K)
 Metaspace       used 36818K, committed 37248K, reserved 1089536K
  class space    used 3953K, committed 4160K, reserved 1048576K
}
Event: 27.264 GC heap after
{Heap after GC invocations=24 (full 0):
 garbage-first heap   total 262144K, used 87361K [0x0000000604400000, 0x0000000800000000)
  region size 4096K, 2 young (8192K), 2 survivors (8192K)
 Metaspace       used 36818K, committed 37248K, reserved 1089536K
  class space    used 3953K, committed 4160K, reserved 1048576K
}
Event: 27.744 GC heap before
{Heap before GC invocations=24 (full 0):
 garbage-first heap   total 262144K, used 214337K [0x0000000604400000, 0x0000000800000000)
  region size 4096K, 33 young (135168K), 2 survivors (8192K)
 Metaspace       used 36821K, committed 37248K, reserved 1089536K
  class space    used 3953K, committed 4160K, reserved 1048576K
}
Event: 27.749 GC heap after
{Heap after GC invocations=25 (full 0):
 garbage-first heap   total 315392K, used 88199K [0x0000000604400000, 0x0000000800000000)
  region size 4096K, 2 young (8192K), 2 survivors (8192K)
 Metaspace       used 36821K, committed 37248K, reserved 1089536K
  class space    used 3953K, committed 4160K, reserved 1048576K
}
Event: 28.522 GC heap before
{Heap before GC invocations=25 (full 0):
 garbage-first heap   total 315392K, used 264327K [0x0000000604400000, 0x0000000800000000)
  region size 4096K, 45 young (184320K), 2 survivors (8192K)
 Metaspace       used 36822K, committed 37248K, reserved 1089536K
  class space    used 3953K, committed 4160K, reserved 1048576K
}
Event: 28.526 GC heap after
{Heap after GC invocations=26 (full 0):
 garbage-first heap   total 315392K, used 87860K [0x0000000604400000, 0x0000000800000000)
  region size 4096K, 2 young (8192K), 2 survivors (8192K)
 Metaspace       used 36822K, committed 37248K, reserved 1089536K
  class space    used 3953K, committed 4160K, reserved 1048576K
}
Event: 28.836 GC heap before
{Heap before GC invocations=26 (full 0):
 garbage-first heap   total 315392K, used 268084K [0x0000000604400000, 0x0000000800000000)
  region size 4096K, 46 young (188416K), 2 survivors (8192K)
 Metaspace       used 36822K, committed 37248K, reserved 1089536K
  class space    used 3953K, committed 4160K, reserved 1048576K
}
Event: 28.840 GC heap after
{Heap after GC invocations=27 (full 0):
 garbage-first heap   total 315392K, used 88051K [0x0000000604400000, 0x0000000800000000)
  region size 4096K, 2 young (8192K), 2 survivors (8192K)
 Metaspace       used 36822K, committed 37248K, reserved 1089536K
  class space    used 3953K, committed 4160K, reserved 1048576K
}
Event: 29.074 GC heap before
{Heap before GC invocations=27 (full 0):
 garbage-first heap   total 315392K, used 268275K [0x0000000604400000, 0x0000000800000000)
  region size 4096K, 46 young (188416K), 2 survivors (8192K)
 Metaspace       used 36822K, committed 37248K, reserved 1089536K
  class space    used 3953K, committed 4160K, reserved 1048576K
}
Event: 29.077 GC heap after
{Heap after GC invocations=28 (full 0):
 garbage-first heap   total 315392K, used 88237K [0x0000000604400000, 0x0000000800000000)
  region size 4096K, 2 young (8192K), 2 survivors (8192K)
 Metaspace       used 36822K, committed 37248K, reserved 1089536K
  class space    used 3953K, committed 4160K, reserved 1048576K
}
Event: 29.320 GC heap before
{Heap before GC invocations=28 (full 0):
 garbage-first heap   total 315392K, used 268461K [0x0000000604400000, 0x0000000800000000)
  region size 4096K, 46 young (188416K), 2 survivors (8192K)
 Metaspace       used 36822K, committed 37248K, reserved 1089536K
  class space    used 3953K, committed 4160K, reserved 1048576K
}
Event: 29.324 GC heap after
{Heap after GC invocations=29 (full 0):
 garbage-first heap   total 315392K, used 88376K [0x0000000604400000, 0x0000000800000000)
  region size 4096K, 2 young (8192K), 2 survivors (8192K)
 Metaspace       used 36822K, committed 37248K, reserved 1089536K
  class space    used 3953K, committed 4160K, reserved 1048576K
}
Event: 29.571 GC heap before
{Heap before GC invocations=29 (full 0):
 garbage-first heap   total 315392K, used 268600K [0x0000000604400000, 0x0000000800000000)
  region size 4096K, 46 young (188416K), 2 survivors (8192K)
 Metaspace       used 36822K, committed 37248K, reserved 1089536K
  class space    used 3953K, committed 4160K, reserved 1048576K
}
Event: 29.575 GC heap after
{Heap after GC invocations=30 (full 0):
 garbage-first heap   total 380928K, used 88762K [0x0000000604400000, 0x0000000800000000)
  region size 4096K, 2 young (8192K), 2 survivors (8192K)
 Metaspace       used 36822K, committed 37248K, reserved 1089536K
  class space    used 3953K, committed 4160K, reserved 1048576K
}
Event: 30.153 GC heap before
{Heap before GC invocations=30 (full 0):
 garbage-first heap   total 380928K, used 305850K [0x0000000604400000, 0x0000000800000000)
  region size 4096K, 55 young (225280K), 2 survivors (8192K)
 Metaspace       used 36823K, committed 37248K, reserved 1089536K
  class space    used 3953K, committed 4160K, reserved 1048576K
}
Event: 30.157 GC heap after
{Heap after GC invocations=31 (full 0):
 garbage-first heap   total 380928K, used 88807K [0x0000000604400000, 0x0000000800000000)
  region size 4096K, 1 young (4096K), 1 survivors (4096K)
 Metaspace       used 36823K, committed 37248K, reserved 1089536K
  class space    used 3953K, committed 4160K, reserved 1048576K
}

